<?xml version="1.0" encoding="utf-8"?><testsuites name="pytest tests"><testsuite name="pytest" errors="0" failures="0" skipped="0" tests="23" time="7.835" timestamp="2026-04-20T10:10:18.588438+00:00" hostname="agent-env-b0ef41d7-d386-41ed-b8d5-c475718462d0"><testcase classname="backend.tests.test_spotify_api.TestHealth" name="test_health_endpoint" time="0.166" /><testcase classname="backend.tests.test_spotify_api.TestAuth" name="test_login_artist_success" time="0.363" /><testcase classname="backend.tests.test_spotify_api.TestAuth" name="test_login_fan_success" time="0.356" /><testcase classname="backend.tests.test_spotify_api.TestAuth" name="test_login_admin_success" time="0.331" /><testcase classname="backend.tests.test_spotify_api.TestAuth" name="test_login_invalid_credentials" time="0.101" /><testcase classname="backend.tests.test_spotify_api.TestAuth" name="test_register_new_fan" time="0.361" /><testcase classname="backend.tests.test_spotify_api.TestAuth" name="test_register_new_artist" time="0.329" /><testcase classname="backend.tests.test_spotify_api.TestAuth" name="test_register_duplicate_email" time="0.101" /><testcase classname="backend.tests.test_spotify_api.TestSongsPublic" name="test_get_published_songs" time="0.101" /><testcase classname="backend.tests.test_spotify_api.TestSongsArtist" name="test_get_my_songs" time="0.394" /><testcase classname="backend.tests.test_spotify_api.TestSongsArtist" name="test_upload_song" time="0.384" /><testcase classname="backend.tests.test_spotify_api.TestSongsArtist" name="test_submit_song_for_approval" time="0.420" /><testcase classname="backend.tests.test_spotify_api.TestAnalytics" name="test_get_my_analytics" time="0.376" /><testcase classname="backend.tests.test_spotify_api.TestAnalytics" name="test_record_play" time="0.214" /><testcase classname="backend.tests.test_spotify_api.TestAnalytics" name="test_record_like" time="0.252" /><testcase classname="backend.tests.test_spotify_api.TestAdmin" name="test_get_pending_songs" time="0.392" /><testcase classname="backend.tests.test_spotify_api.TestAdmin" name="test_get_unverified_artists" time="0.372" /><testcase classname="backend.tests.test_spotify_api.TestAdmin" name="test_approve_song" time="0.807" /><testcase classname="backend.tests.test_spotify_api.TestAdmin" name="test_reject_song" time="0.833" /><testcase classname="backend.tests.test_spotify_api.TestAuthProtection" name="test_my_songs_requires_auth" time="0.102" /><testcase classname="backend.tests.test_spotify_api.TestAuthProtection" name="test_my_analytics_requires_auth" time="0.094" /><testcase classname="backend.tests.test_spotify_api.TestAuthProtection" name="test_pending_songs_requires_admin" time="0.370" /><testcase classname="backend.tests.test_spotify_api.TestLogout" name="test_logout" time="0.448" /></testsuite></testsuites>