<?xml version="1.0" encoding="utf-8"?><testsuites name="pytest tests"><testsuite name="pytest" errors="0" failures="0" skipped="0" tests="23" time="7.937" timestamp="2026-04-20T09:43:55.442222+00:00" hostname="agent-env-b0ef41d7-d386-41ed-b8d5-c475718462d0"><testcase classname="tests.test_spotify_api.TestHealth" name="test_health_endpoint" time="0.216" /><testcase classname="tests.test_spotify_api.TestAuth" name="test_login_artist_success" time="0.385" /><testcase classname="tests.test_spotify_api.TestAuth" name="test_login_fan_success" time="0.373" /><testcase classname="tests.test_spotify_api.TestAuth" name="test_login_admin_success" time="0.331" /><testcase classname="tests.test_spotify_api.TestAuth" name="test_login_invalid_credentials" time="0.129" /><testcase classname="tests.test_spotify_api.TestAuth" name="test_register_new_fan" time="0.335" /><testcase classname="tests.test_spotify_api.TestAuth" name="test_register_new_artist" time="0.324" /><testcase classname="tests.test_spotify_api.TestAuth" name="test_register_duplicate_email" time="0.130" /><testcase classname="tests.test_spotify_api.TestSongsPublic" name="test_get_published_songs" time="0.105" /><testcase classname="tests.test_spotify_api.TestSongsArtist" name="test_get_my_songs" time="0.420" /><testcase classname="tests.test_spotify_api.TestSongsArtist" name="test_upload_song" time="0.374" /><testcase classname="tests.test_spotify_api.TestSongsArtist" name="test_submit_song_for_approval" time="0.421" /><testcase classname="tests.test_spotify_api.TestAnalytics" name="test_get_my_analytics" time="0.379" /><testcase classname="tests.test_spotify_api.TestAnalytics" name="test_record_play" time="0.232" /><testcase classname="tests.test_spotify_api.TestAnalytics" name="test_record_like" time="0.210" /><testcase classname="tests.test_spotify_api.TestAdmin" name="test_get_pending_songs" time="0.371" /><testcase classname="tests.test_spotify_api.TestAdmin" name="test_get_unverified_artists" time="0.385" /><testcase classname="tests.test_spotify_api.TestAdmin" name="test_approve_song" time="0.820" /><testcase classname="tests.test_spotify_api.TestAdmin" name="test_reject_song" time="0.831" /><testcase classname="tests.test_spotify_api.TestAuthProtection" name="test_my_songs_requires_auth" time="0.095" /><testcase classname="tests.test_spotify_api.TestAuthProtection" name="test_my_analytics_requires_auth" time="0.101" /><testcase classname="tests.test_spotify_api.TestAuthProtection" name="test_pending_songs_requires_admin" time="0.373" /><testcase classname="tests.test_spotify_api.TestLogout" name="test_logout" time="0.418" /></testsuite></testsuites>